[main] INFO  ebanking  - user name provided
[main] INFO  ebanking  - password provided
[main] INFO  ebanking  - user name provided
[main] INFO  ebanking  - password provided
[main] INFO  ebanking  - login pass
[main] INFO  ebanking  - user name provided
[main] INFO  ebanking  - password provided
[main] INFO  ebanking  - user name provided
[main] INFO  ebanking  - password provided
[main] INFO  ebanking  - user name provided
[main] INFO  ebanking  - password provided
[main] INFO  ebanking  - login fail
[main] INFO  ebanking  - user name provided
[main] INFO  ebanking  - password provided
[main] INFO  ebanking  - user name provided
[main] INFO  ebanking  - password provided
[main] INFO  ebanking  - user name provided
[main] INFO  ebanking  - password provided
[main] INFO  ebanking  - login pass
[main] INFO  ebanking  - user name provided
[main] INFO  ebanking  - password provided
[main] INFO  ebanking  - user name provided
[main] INFO  ebanking  - password provided
[main] INFO  ebanking  - user name provided
[main] INFO  ebanking  - password provided
[main] INFO  ebanking  - login pass
[main] INFO  ebanking  - user name provided
[main] INFO  ebanking  - password provided
[main] INFO  ebanking  - user name provided
[main] INFO  ebanking  - password provided
[main] INFO  ebanking  - user name provided
[main] INFO  ebanking  - password provided
[main] INFO  ebanking  - login pass
[main] INFO  ebanking  - user name provided
[main] INFO  ebanking  - password provided
[main] INFO  ebanking  - user name provided
[main] INFO  ebanking  - password provided
[main] INFO  ebanking  - user name provided
[main] INFO  ebanking  - password provided
[main] INFO  ebanking  - login pass
[main] INFO  ebanking  - user name provided
[main] INFO  ebanking  - password provided
[main] INFO  ebanking  - user name provided
[main] INFO  ebanking  - password provided
[main] INFO  ebanking  - user name provided
[main] INFO  ebanking  - password provided
[main] INFO  ebanking  - user name provided
[main] INFO  ebanking  - password provided
[main] INFO  ebanking  - user name provided
[main] INFO  ebanking  - password provided
[main] INFO  ebanking  - user name provided
[main] INFO  ebanking  - password provided
[main] INFO  ebanking  - user name provided
[main] INFO  ebanking  - password provided
[main] INFO  ebanking  - user name provided
[main] INFO  ebanking  - password provided
[main] INFO  ebanking  - user name provided
[main] INFO  ebanking  - password provided
[main] INFO  ebanking  - user name provided
[main] INFO  ebanking  - password provided
[main] INFO  ebanking  - user name provided
[main] INFO  ebanking  - password provided
[main] INFO  ebanking  - URL login
[main] INFO  ebanking  - user name provided
[main] INFO  ebanking  - user password
[main] INFO  ebanking  - user name provided
[main] INFO  ebanking  - password provided
[main] INFO  ebanking  - URL login
[main] INFO  ebanking  - user name provided
[main] INFO  ebanking  - user password
[main] INFO  ebanking  - URL login
[main] INFO  ebanking  - user name provided
[main] INFO  ebanking  - user password
[main] INFO  ebanking  - URL login
[main] INFO  ebanking  - user name provided
[main] INFO  ebanking  - user password
[main] INFO  ebanking  - URL login
[main] INFO  ebanking  - user name provided
[main] INFO  ebanking  - user password
[main] INFO  ebanking  - URL login
[main] INFO  ebanking  - user name provided
[main] INFO  ebanking  - user password
[main] INFO  ebanking  - URL login
[main] INFO  ebanking  - user name provided
[main] INFO  ebanking  - user password
[main] INFO  ebanking  - URL login
[main] INFO  ebanking  - user name provided
[main] INFO  ebanking  - user password
[main] INFO  ebanking  - URL login
[main] INFO  ebanking  - user name provided
[main] INFO  ebanking  - user password
[main] INFO  ebanking  - username provided
[main] INFO  ebanking  - password provided
[main] INFO  ebanking  - providing customer details....
[main] INFO  ebanking  - username provided
[main] INFO  ebanking  - password provided
[main] INFO  ebanking  - providing customer details....
[main] INFO  ebanking  - username provided
[main] INFO  ebanking  - password provided
[main] INFO  ebanking  - providing customer details....
[main] INFO  ebanking  - user name provided
[main] INFO  ebanking  - password provided
[main] INFO  ebanking  - user name provided
[main] INFO  ebanking  - password provided
[main] INFO  ebanking  - user name provided
[main] INFO  ebanking  - password provided
[main] INFO  ebanking  - URL login
[main] INFO  ebanking  - user name provided
[main] INFO  ebanking  - user password
[main] INFO  ebanking  - URL login
[main] INFO  ebanking  - user name provided
[main] INFO  ebanking  - user password
[main] INFO  ebanking  - URL login
[main] INFO  ebanking  - Username enter
[main] INFO  ebanking  - password enter
[main] INFO  ebanking  - test pass
[main] INFO  ebanking  - URL login
[main] INFO  ebanking  - Username enter
[main] INFO  ebanking  - password enter
[main] INFO  ebanking  - URL login
[main] INFO  ebanking  - Username enter
[main] INFO  ebanking  - password enter
[main] INFO  ebanking  - test pass
[main] INFO  ebanking  - username provided
[main] INFO  ebanking  - password provided
[main] INFO  ebanking  - providing customer details....
[main] INFO  ebanking  - user name provided
[main] INFO  ebanking  - password provided
[main] INFO  ebanking  - Username enter
[main] INFO  ebanking  - password enter
[main] INFO  ebanking  - Username enter
[main] INFO  ebanking  - password enter
[main] INFO  ebanking  - Username enter
[main] INFO  ebanking  - password enter
[main] INFO  ebanking  - Username enter
[main] INFO  ebanking  - password enter
[main] INFO  ebanking  - user name provided
[main] INFO  ebanking  - password provided
[main] INFO  ebanking  - user name provided
[main] INFO  ebanking  - password provided
[main] INFO  ebanking  - URL login
[main] INFO  ebanking  - Username enter
[main] INFO  ebanking  - password enter
[main] INFO  ebanking  - test pass
[main] INFO  ebanking  - URL login
[main] INFO  ebanking  - Username enter
[main] INFO  ebanking  - password enter
[main] INFO  ebanking  - test pass
[main] INFO  ebanking  - URL login
[main] INFO  ebanking  - Username enter
[main] INFO  ebanking  - password enter
[main] INFO  ebanking  - test pass
[main] INFO  ebanking  - URL login
[main] INFO  ebanking  - Username enter
[main] INFO  ebanking  - password enter
[main] INFO  ebanking  - test pass
[main] INFO  ebanking  - URL login
[main] INFO  ebanking  - Username enter
[main] INFO  ebanking  - password enter
[main] INFO  ebanking  - test pass
[main] INFO  ebanking  - user name provided
[main] INFO  ebanking  - password provided
[main] INFO  ebanking  - user name provided
[main] INFO  ebanking  - password provided
[main] INFO  ebanking  - user name provided
[main] INFO  ebanking  - password provided
[main] INFO  ebanking  - user name provided
[main] INFO  ebanking  - password provided
[main] WARN  ebanking  - log in fail
[main] INFO  ebanking  - user name provided
[main] INFO  ebanking  - password provided
[main] INFO  ebanking  - user name provided
[main] INFO  ebanking  - password provided
[main] WARN  ebanking  - log in fail
[main] INFO  ebanking  - user name provided
[main] INFO  ebanking  - password provided
[main] INFO  ebanking  - user name provided
[main] INFO  ebanking  - password provided
[main] WARN  ebanking  - log in fail
[main] INFO  ebanking  - user name provided
[main] INFO  ebanking  - password provided
[main] INFO  ebanking  - user name provided
[main] INFO  ebanking  - password provided
[main] INFO  ebanking  - user name provided
[main] INFO  ebanking  - password provided
[main] INFO  ebanking  - username provided
[main] INFO  ebanking  - password provided
[main] INFO  ebanking  - providing customer details....
[main] INFO  ebanking  - user name provided
[main] INFO  ebanking  - password provided
[main] INFO  ebanking  - user name provided
[main] INFO  ebanking  - password provided
[main] INFO  ebanking  - user name provided
[main] INFO  ebanking  - password provided
[main] INFO  ebanking  - username provided
[main] INFO  ebanking  - password provided
[main] INFO  ebanking  - providing customer details....
[main] INFO  ebanking  - user name provided
[main] INFO  ebanking  - password provided
[main] INFO  ebanking  - user name provided
[main] INFO  ebanking  - password provided
[main] INFO  ebanking  - username provided
[main] INFO  ebanking  - password provided
[main] INFO  ebanking  - providing customer details....
[main] INFO  ebanking  - username provided
[main] INFO  ebanking  - password provided
[main] INFO  ebanking  - providing customer details....
[main] INFO  ebanking  - user name provided
[main] INFO  ebanking  - password provided
[main] INFO  ebanking  - user name provided
[main] INFO  ebanking  - password provided
[main] INFO  ebanking  - user name provided
[main] INFO  ebanking  - password provided
[main] INFO  ebanking  - user name provided
[main] INFO  ebanking  - password provided
[main] WARN  ebanking  - log in fail
[main] INFO  ebanking  - user name provided
[main] INFO  ebanking  - password provided
[main] WARN  ebanking  - log in fail
[main] INFO  ebanking  - user name provided
[main] INFO  ebanking  - password provided
[main] INFO  ebanking  - login pass
[main] INFO  ebanking  - user name provided
[main] INFO  ebanking  - password provided
[main] WARN  ebanking  - log in fail
[main] INFO  ebanking  - user name provided
[main] INFO  ebanking  - password provided
[main] WARN  ebanking  - log in fail
[main] INFO  ebanking  - user name provided
[main] INFO  ebanking  - password provided
[main] INFO  ebanking  - login pass
[main] INFO  ebanking  - user name provided
[main] INFO  ebanking  - password provided
[main] WARN  ebanking  - log in fail
[main] INFO  ebanking  - user name provided
[main] INFO  ebanking  - password provided
[main] WARN  ebanking  - log in fail
[main] INFO  ebanking  - user name provided
[main] INFO  ebanking  - password provided
[main] INFO  ebanking  - login pass
[main] INFO  ebanking  - user name provided
[main] INFO  ebanking  - password provided
[main] INFO  ebanking  - user name provided
[main] INFO  ebanking  - password provided
[main] INFO  ebanking  - username provided
[main] INFO  ebanking  - password provided
[main] INFO  ebanking  - providing customer details....
[main] INFO  ebanking  - user name provided
[main] INFO  ebanking  - password provided
[main] INFO  ebanking  - username provided
[main] INFO  ebanking  - password provided
[main] INFO  ebanking  - providing customer details....
[main] INFO  ebanking  - username provided
[main] INFO  ebanking  - password provided
[main] INFO  ebanking  - providing customer details....
[main] INFO  ebanking  - user name provided
[main] INFO  ebanking  - password provided
[main] INFO  ebanking  - username provided
[main] INFO  ebanking  - password provided
[main] INFO  ebanking  - providing customer details....
[main] INFO  ebanking  - user name provided
[main] INFO  ebanking  - password provided
[main] INFO  ebanking  - username provided
[main] INFO  ebanking  - password provided
[main] INFO  ebanking  - providing customer details....
[main] INFO  ebanking  - user name provided
[main] INFO  ebanking  - password provided
[main] INFO  ebanking  - username provided
[main] INFO  ebanking  - password provided
[main] INFO  ebanking  - providing customer details....
[main] INFO  ebanking  - user name provided
[main] INFO  ebanking  - password provided
[main] INFO  ebanking  - user name provided
[main] INFO  ebanking  - password provided
[main] WARN  ebanking  - log in fail
[main] INFO  ebanking  - user name provided
[main] INFO  ebanking  - password provided
[main] WARN  ebanking  - log in fail
[main] INFO  ebanking  - user name provided
[main] INFO  ebanking  - password provided
[main] INFO  ebanking  - user name provided
[main] INFO  ebanking  - password provided
[main] WARN  ebanking  - log in fail
[main] INFO  ebanking  - user name provided
[main] INFO  ebanking  - password provided
[main] WARN  ebanking  - log in fail
[main] INFO  ebanking  - user name provided
[main] INFO  ebanking  - password provided
[main] INFO  ebanking  - username provided
[main] INFO  ebanking  - password provided
[main] INFO  ebanking  - providing customer details....
[main] INFO  ebanking  - user name provided
[main] INFO  ebanking  - password provided
[main] WARN  ebanking  - log in fail
[main] INFO  ebanking  - user name provided
[main] INFO  ebanking  - password provided
[main] INFO  ebanking  - user name provided
[main] INFO  ebanking  - password provided
[main] WARN  ebanking  - log in fail
[main] INFO  ebanking  - user name provided
[main] INFO  ebanking  - password provided
[main] INFO  ebanking  - user name provided
[main] INFO  ebanking  - password provided
[main] WARN  ebanking  - log in fail
[main] INFO  ebanking  - user name provided
[main] INFO  ebanking  - password provided
[main] INFO  ebanking  - user name provided
[main] INFO  ebanking  - password provided
[main] WARN  ebanking  - log in fail
[main] INFO  ebanking  - user name provided
[main] INFO  ebanking  - password provided
[main] INFO  ebanking  - user name provided
[main] INFO  ebanking  - password provided
[main] WARN  ebanking  - log in fail
[main] INFO  ebanking  - user name provided
[main] INFO  ebanking  - password provided
[main] WARN  ebanking  - log in fail
[main] INFO  ebanking  - user name provided
[main] INFO  ebanking  - password provided
[main] INFO  ebanking  - user name provided
[main] INFO  ebanking  - password provided
[main] WARN  ebanking  - log in fail
[main] INFO  ebanking  - user name provided
[main] INFO  ebanking  - password provided
[main] WARN  ebanking  - log in fail
[main] INFO  ebanking  - user name provided
[main] INFO  ebanking  - password provided
[main] INFO  ebanking  - username provided
[main] INFO  ebanking  - password provided
[main] INFO  ebanking  - providing customer details....
[main] INFO  ebanking  - user name provided
[main] INFO  ebanking  - password provided
[main] WARN  ebanking  - log in fail
[main] INFO  ebanking  - user name provided
[main] INFO  ebanking  - password provided
[main] WARN  ebanking  - log in fail
[main] INFO  ebanking  - user name provided
[main] INFO  ebanking  - password provided
[main] WARN  ebanking  - log in fail
[main] INFO  ebanking  - username provided
[main] INFO  ebanking  - password provided
[main] INFO  ebanking  - providing customer details....
[main] INFO  ebanking  - URL login
[main] INFO  ebanking  - Username enter
[main] INFO  ebanking  - password enter
[main] INFO  ebanking  - test pass
[main] INFO  ebanking  - user name provided
[main] INFO  ebanking  - password provided
[main] WARN  ebanking  - log in fail
[main] INFO  ebanking  - user name provided
[main] INFO  ebanking  - password provided
[main] WARN  ebanking  - log in fail
[main] INFO  ebanking  - user name provided
[main] INFO  ebanking  - password provided
[main] WARN  ebanking  - log in fail
[main] INFO  ebanking  - username provided
[main] INFO  ebanking  - password provided
[main] INFO  ebanking  - providing customer details....
[main] INFO  ebanking  - URL login
[main] INFO  ebanking  - URL login
[main] INFO  ebanking  - Username enter
[main] INFO  ebanking  - Username enter
[main] INFO  ebanking  - password enter
[main] INFO  ebanking  - password enter
[main] INFO  ebanking  - test pass
[main] INFO  ebanking  - test pass
[main] INFO  ebanking  - URL login
[main] INFO  ebanking  - Username enter
[main] INFO  ebanking  - password enter
[main] INFO  ebanking  - test pass
[main] INFO  ebanking  - username provided
[main] INFO  ebanking  - username provided
[main] INFO  ebanking  - password provided
[main] INFO  ebanking  - password provided
[main] INFO  ebanking  - providing customer details....
[main] INFO  ebanking  - providing customer details....
[main] INFO  ebanking  - username provided
[main] INFO  ebanking  - password provided
[main] INFO  ebanking  - providing customer details....
